<?xml version="1.0" encoding="UTF-8"?>
<!-- Generated by org.testng.reporters.JUnitReportReporter -->
<testsuite skipped="0" hostname="IN-7SMH5H2" name="tests.FirstTest" tests="1" failures="0" timestamp="04 Aug 2019 11:20:49 GMT" time="2.418" errors="0">
  <testcase name="myTest" time="2.418" classname="tests.FirstTest"/>
</testsuite> <!-- tests.FirstTest -->
