<?xml version="1.0" encoding="UTF-8"?>
<!-- Generated by org.testng.reporters.JUnitReportReporter -->
<testsuite skipped="0" hostname="IN-7SMH5H2" name="tests.PM_User_Test" tests="1" failures="0" timestamp="06 Sep 2019 18:56:27 GMT" time="103.627" errors="0">
  <testcase name="test_editUserToRemoveExtension" time="103.627" classname="tests.PM_User_Test"/>
</testsuite> <!-- tests.PM_User_Test -->
