<?xml version="1.0" encoding="UTF-8"?>
<!-- Generated by org.testng.reporters.JUnitReportReporter -->
<testsuite skipped="0" hostname="IN-7SMH5H2" name="tests.PM_User_Test" tests="17" failures="0" timestamp="02 Oct 2019 11:09:45 GMT" time="1893.241" errors="0">
  <testcase name="test_editUserAssignNewExtension" time="143.460" classname="tests.PM_User_Test"/>
  <testcase name="test_editUserToRemoveExtension" time="207.979" classname="tests.PM_User_Test"/>
  <testcase name="test_user_print" time="86.867" classname="tests.PM_User_Test"/>
  <testcase name="test_createUserAssignExistingExtension" time="113.663" classname="tests.PM_User_Test"/>
  <testcase name="test_delete_user" time="19.017" classname="tests.PM_User_Test"/>
  <testcase name="test_createUserWithExtension" time="116.898" classname="tests.PM_User_Test"/>
  <testcase name="test_search_using_wildCard_star" time="186.508" classname="tests.PM_User_Test"/>
  <testcase name="test_verify_helpText" time="6.290" classname="tests.PM_User_Test"/>
  <testcase name="test_edit_user" time="106.071" classname="tests.PM_User_Test"/>
  <testcase name="test_delete_user_byClicking_delete_button" time="124.839" classname="tests.PM_User_Test"/>
  <testcase name="test_create_user" time="77.912" classname="tests.PM_User_Test"/>
  <testcase name="test_delete_multipleUsers" time="156.853" classname="tests.PM_User_Test"/>
  <testcase name="test_userSearchUsingViewSymbol" time="81.943" classname="tests.PM_User_Test"/>
  <testcase name="test_viewUser_with_viewButton" time="98.791" classname="tests.PM_User_Test"/>
  <testcase name="test_editUserAssignExistingExtension" time="135.536" classname="tests.PM_User_Test"/>
  <testcase name="test_createUserWithExtesnsionUsingIPTemplate" time="142.034" classname="tests.PM_User_Test"/>
  <testcase name="test_search_using_wildCard_questionMark" time="88.580" classname="tests.PM_User_Test"/>
</testsuite> <!-- tests.PM_User_Test -->
