<?xml version="1.0" encoding="UTF-8"?>
<!-- Generated by org.testng.reporters.JUnitReportReporter -->
<testsuite skipped="0" hostname="IN-7SMH5H2" name="tests.SNM_Internal_NumberSeries_Test" tests="10" failures="0" timestamp="19 Oct 2019 11:47:10 GMT" time="1055.956" errors="0">
  <testcase name="test_create_individualAbbreviatedNumbers" time="116.948" classname="tests.SNM_Internal_NumberSeries_Test"/>
  <testcase name="test_create_dialedNumberInfoService" time="115.819" classname="tests.SNM_Internal_NumberSeries_Test"/>
  <testcase name="test_create_commonOperatorNumbers" time="94.904" classname="tests.SNM_Internal_NumberSeries_Test"/>
  <testcase name="test_create_pagingNumbers" time="94.743" classname="tests.SNM_Internal_NumberSeries_Test"/>
  <testcase name="test_create_commonAbbreviatedNumbers" time="69.258" classname="tests.SNM_Internal_NumberSeries_Test"/>
  <testcase name="test_create_directoryNumbers" time="86.045" classname="tests.SNM_Internal_NumberSeries_Test"/>
  <testcase name="test_create_emergencyOperatorNumbers" time="126.069" classname="tests.SNM_Internal_NumberSeries_Test"/>
  <testcase name="test_create_individualOperatorNumbers" time="91.357" classname="tests.SNM_Internal_NumberSeries_Test"/>
  <testcase name="test_create_gatewayRoutingNumbers" time="151.642" classname="tests.SNM_Internal_NumberSeries_Test"/>
  <testcase name="test_create_routeDirectoryNumbers" time="109.171" classname="tests.SNM_Internal_NumberSeries_Test"/>
</testsuite> <!-- tests.SNM_Internal_NumberSeries_Test -->
