<?xml version="1.0" encoding="UTF-8"?>
<!-- Generated by org.testng.reporters.JUnitReportReporter -->
<testsuite hostname="DESKTOP-D19U8M5" name="tests.SNM_NumAna_NumPlan_SysNumbers_Test" tests="1" failures="0" timestamp="1 Dec 2019 07:05:12 GMT" time="9.775" errors="0">
  <testcase name="test_addSystemNumbers" time="9.775" classname="tests.SNM_NumAna_NumPlan_SysNumbers_Test"/>
</testsuite> <!-- tests.SNM_NumAna_NumPlan_SysNumbers_Test -->
