<?xml version="1.0" encoding="UTF-8"?>
<!-- Generated by org.testng.reporters.JUnitReportReporter -->
<testsuite hostname="DESKTOP-D19U8M5" name="tests.SNM_Internal_NumberSeries_Test" tests="10" failures="0" timestamp="4 Dec 2019 10:17:22 GMT" time="200.359" errors="0">
  <testcase name="test_create_routeDirectoryNumbers" time="18.271" classname="tests.SNM_Internal_NumberSeries_Test"/>
  <testcase name="test_create_commonAbbreviatedNumbers" time="18.914" classname="tests.SNM_Internal_NumberSeries_Test"/>
  <testcase name="test_create_directoryNumbers" time="19.245" classname="tests.SNM_Internal_NumberSeries_Test"/>
  <testcase name="test_create_individualAbbreviatedNumbers" time="21.564" classname="tests.SNM_Internal_NumberSeries_Test"/>
  <testcase name="test_create_dialedNumberInfoService" time="18.642" classname="tests.SNM_Internal_NumberSeries_Test"/>
  <testcase name="test_create_gatewayRoutingNumbers" time="30.284" classname="tests.SNM_Internal_NumberSeries_Test"/>
  <testcase name="test_create_pagingNumbers" time="18.212" classname="tests.SNM_Internal_NumberSeries_Test"/>
  <testcase name="test_create_commonOperatorNumbers" time="18.481" classname="tests.SNM_Internal_NumberSeries_Test"/>
  <testcase name="test_create_emergencyOperatorNumbers" time="18.694" classname="tests.SNM_Internal_NumberSeries_Test"/>
  <testcase name="test_create_individualOperatorNumbers" time="18.052" classname="tests.SNM_Internal_NumberSeries_Test"/>
</testsuite> <!-- tests.SNM_Internal_NumberSeries_Test -->
