<?xml version="1.0" encoding="UTF-8"?>
<!-- Generated by org.testng.reporters.JUnitReportReporter -->
<testsuite skipped="0" hostname="IN-7SMH5H2" name="tests.PM_FunctionKeys_Test" tests="2" failures="0" timestamp="29 Aug 2019 09:03:07 GMT" time="241.141" errors="0">
  <testcase name="test_clearSCA_funcKey" time="118.274" classname="tests.PM_FunctionKeys_Test"/>
  <testcase name="test_clearSCABR_funcKey" time="122.867" classname="tests.PM_FunctionKeys_Test"/>
</testsuite> <!-- tests.PM_FunctionKeys_Test -->
