<?xml version="1.0" encoding="UTF-8"?>
<!-- Generated by org.testng.reporters.JUnitReportReporter -->
<testsuite hostname="DESKTOP-D19U8M5" name="tests.PM_Micollab_Test" tests="24" failures="4" timestamp="21 Jan 2020 13:00:01 GMT" time="2938.342" errors="0">
  <testcase name="test_edit_micollab_Role_from_premium_to_basic" time="144.689" classname="tests.PM_Micollab_Test">
    <failure type="java.lang.AssertionError" message="expected [Basic User] but found [UCC (V4.0) Premium]">
      <![CDATA[java.lang.AssertionError: expected [Basic User] but found [UCC (V4.0) Premium]
	at org.testng.Assert.fail(Assert.java:94)
	at org.testng.Assert.failNotEquals(Assert.java:513)
	at org.testng.Assert.assertEqualsImpl(Assert.java:135)
	at org.testng.Assert.assertEquals(Assert.java:116)
	at org.testng.Assert.assertEquals(Assert.java:190)
	at org.testng.Assert.assertEquals(Assert.java:200)
	at tests.PM_Micollab_Test.test_edit_micollab_Role_from_premium_to_basic(PM_Micollab_Test.java:5288)
	at sun.reflect.NativeMethodAccessorImpl.invoke0(Native Method)
	at sun.reflect.NativeMethodAccessorImpl.invoke(NativeMethodAccessorImpl.java:62)
	at sun.reflect.DelegatingMethodAccessorImpl.invoke(DelegatingMethodAccessorImpl.java:43)
	at java.lang.reflect.Method.invoke(Method.java:498)
	at org.testng.internal.MethodInvocationHelper.invokeMethod(MethodInvocationHelper.java:100)
	at org.testng.internal.Invoker.invokeMethod(Invoker.java:646)
	at org.testng.internal.Invoker.invokeTestMethod(Invoker.java:811)
	at org.testng.internal.Invoker.invokeTestMethods(Invoker.java:1129)
	at org.testng.internal.TestMethodWorker.invokeTestMethods(TestMethodWorker.java:129)
	at org.testng.internal.TestMethodWorker.run(TestMethodWorker.java:112)
	at org.testng.TestRunner.privateRun(TestRunner.java:746)
	at org.testng.TestRunner.run(TestRunner.java:600)
	at org.testng.SuiteRunner.runTest(SuiteRunner.java:366)
	at org.testng.SuiteRunner.runSequentially(SuiteRunner.java:361)
	at org.testng.SuiteRunner.privateRun(SuiteRunner.java:319)
	at org.testng.SuiteRunner.run(SuiteRunner.java:268)
	at org.testng.SuiteRunnerWorker.runSuite(SuiteRunnerWorker.java:52)
	at org.testng.SuiteRunnerWorker.run(SuiteRunnerWorker.java:86)
	at org.testng.TestNG.runSuitesSequentially(TestNG.java:1264)
	at org.testng.TestNG.runSuitesLocally(TestNG.java:1189)
	at org.testng.TestNG.runSuites(TestNG.java:1104)
	at org.testng.TestNG.run(TestNG.java:1076)
	at org.testng.remote.AbstractRemoteTestNG.run(AbstractRemoteTestNG.java:126)
	at org.testng.remote.RemoteTestNG.initAndRun(RemoteTestNG.java:152)
	at org.testng.remote.RemoteTestNG.main(RemoteTestNG.java:57)
]]>
    </failure>
  </testcase> <!-- test_edit_micollab_Role_from_premium_to_basic -->
  <testcase name="test_CreateUser_basicRole_with_ExistingExtension" time="80.476" classname="tests.PM_Micollab_Test"/>
  <testcase name="test_CreateUser_basicRole" time="86.701" classname="tests.PM_Micollab_Test"/>
  <testcase name="test_edit_micollab_Role_from_premium_to_entry" time="152.750" classname="tests.PM_Micollab_Test"/>
  <testcase name="test_edit_micollab_Role_from_basic_to_premium" time="148.785" classname="tests.PM_Micollab_Test"/>
  <testcase name="test_edit_micollab_Role_from_basic_to_standard" time="147.988" classname="tests.PM_Micollab_Test"/>
  <testcase name="test_edit_micollab_Role_from_premium_to_standard" time="149.528" classname="tests.PM_Micollab_Test">
    <failure type="java.lang.AssertionError" message="expected [UCC (V4.0) Standard...] but found [UCC (V4.0) Standard]">
      <![CDATA[java.lang.AssertionError: expected [UCC (V4.0) Standard...] but found [UCC (V4.0) Standard]
	at org.testng.Assert.fail(Assert.java:94)
	at org.testng.Assert.failNotEquals(Assert.java:513)
	at org.testng.Assert.assertEqualsImpl(Assert.java:135)
	at org.testng.Assert.assertEquals(Assert.java:116)
	at org.testng.Assert.assertEquals(Assert.java:190)
	at org.testng.Assert.assertEquals(Assert.java:200)
	at tests.PM_Micollab_Test.test_edit_micollab_Role_from_premium_to_standard(PM_Micollab_Test.java:5909)
	at sun.reflect.NativeMethodAccessorImpl.invoke0(Native Method)
	at sun.reflect.NativeMethodAccessorImpl.invoke(NativeMethodAccessorImpl.java:62)
	at sun.reflect.DelegatingMethodAccessorImpl.invoke(DelegatingMethodAccessorImpl.java:43)
	at java.lang.reflect.Method.invoke(Method.java:498)
	at org.testng.internal.MethodInvocationHelper.invokeMethod(MethodInvocationHelper.java:100)
	at org.testng.internal.Invoker.invokeMethod(Invoker.java:646)
	at org.testng.internal.Invoker.invokeTestMethod(Invoker.java:811)
	at org.testng.internal.Invoker.invokeTestMethods(Invoker.java:1129)
	at org.testng.internal.TestMethodWorker.invokeTestMethods(TestMethodWorker.java:129)
	at org.testng.internal.TestMethodWorker.run(TestMethodWorker.java:112)
	at org.testng.TestRunner.privateRun(TestRunner.java:746)
	at org.testng.TestRunner.run(TestRunner.java:600)
	at org.testng.SuiteRunner.runTest(SuiteRunner.java:366)
	at org.testng.SuiteRunner.runSequentially(SuiteRunner.java:361)
	at org.testng.SuiteRunner.privateRun(SuiteRunner.java:319)
	at org.testng.SuiteRunner.run(SuiteRunner.java:268)
	at org.testng.SuiteRunnerWorker.runSuite(SuiteRunnerWorker.java:52)
	at org.testng.SuiteRunnerWorker.run(SuiteRunnerWorker.java:86)
	at org.testng.TestNG.runSuitesSequentially(TestNG.java:1264)
	at org.testng.TestNG.runSuitesLocally(TestNG.java:1189)
	at org.testng.TestNG.runSuites(TestNG.java:1104)
	at org.testng.TestNG.run(TestNG.java:1076)
	at org.testng.remote.AbstractRemoteTestNG.run(AbstractRemoteTestNG.java:126)
	at org.testng.remote.RemoteTestNG.initAndRun(RemoteTestNG.java:152)
	at org.testng.remote.RemoteTestNG.main(RemoteTestNG.java:57)
]]>
    </failure>
  </testcase> <!-- test_edit_micollab_Role_from_premium_to_standard -->
  <testcase name="test_CreateUser_entryRole" time="88.258" classname="tests.PM_Micollab_Test"/>
  <testcase name="test_CreateUser_entryRole_with_ExistingExtension" time="81.946" classname="tests.PM_Micollab_Test"/>
  <testcase name="test_edit_micollab_Role_from_standard_to_entry" time="152.308" classname="tests.PM_Micollab_Test"/>
  <testcase name="test_CreateUser_standardRole_with_ExistingExtension" time="98.687" classname="tests.PM_Micollab_Test"/>
  <testcase name="test_edit_micollab_Role_from_entry_to_standard" time="149.420" classname="tests.PM_Micollab_Test"/>
  <testcase name="test_edit_micollab_Role_from_standard_to_basic" time="145.487" classname="tests.PM_Micollab_Test">
    <failure type="java.lang.AssertionError" message="expected [Basic User] but found [UCC (V4.0) Standard]">
      <![CDATA[java.lang.AssertionError: expected [Basic User] but found [UCC (V4.0) Standard]
	at org.testng.Assert.fail(Assert.java:94)
	at org.testng.Assert.failNotEquals(Assert.java:513)
	at org.testng.Assert.assertEqualsImpl(Assert.java:135)
	at org.testng.Assert.assertEquals(Assert.java:116)
	at org.testng.Assert.assertEquals(Assert.java:190)
	at org.testng.Assert.assertEquals(Assert.java:200)
	at tests.PM_Micollab_Test.test_edit_micollab_Role_from_standard_to_basic(PM_Micollab_Test.java:4372)
	at sun.reflect.NativeMethodAccessorImpl.invoke0(Native Method)
	at sun.reflect.NativeMethodAccessorImpl.invoke(NativeMethodAccessorImpl.java:62)
	at sun.reflect.DelegatingMethodAccessorImpl.invoke(DelegatingMethodAccessorImpl.java:43)
	at java.lang.reflect.Method.invoke(Method.java:498)
	at org.testng.internal.MethodInvocationHelper.invokeMethod(MethodInvocationHelper.java:100)
	at org.testng.internal.Invoker.invokeMethod(Invoker.java:646)
	at org.testng.internal.Invoker.invokeTestMethod(Invoker.java:811)
	at org.testng.internal.Invoker.invokeTestMethods(Invoker.java:1129)
	at org.testng.internal.TestMethodWorker.invokeTestMethods(TestMethodWorker.java:129)
	at org.testng.internal.TestMethodWorker.run(TestMethodWorker.java:112)
	at org.testng.TestRunner.privateRun(TestRunner.java:746)
	at org.testng.TestRunner.run(TestRunner.java:600)
	at org.testng.SuiteRunner.runTest(SuiteRunner.java:366)
	at org.testng.SuiteRunner.runSequentially(SuiteRunner.java:361)
	at org.testng.SuiteRunner.privateRun(SuiteRunner.java:319)
	at org.testng.SuiteRunner.run(SuiteRunner.java:268)
	at org.testng.SuiteRunnerWorker.runSuite(SuiteRunnerWorker.java:52)
	at org.testng.SuiteRunnerWorker.run(SuiteRunnerWorker.java:86)
	at org.testng.TestNG.runSuitesSequentially(TestNG.java:1264)
	at org.testng.TestNG.runSuitesLocally(TestNG.java:1189)
	at org.testng.TestNG.runSuites(TestNG.java:1104)
	at org.testng.TestNG.run(TestNG.java:1076)
	at org.testng.remote.AbstractRemoteTestNG.run(AbstractRemoteTestNG.java:126)
	at org.testng.remote.RemoteTestNG.initAndRun(RemoteTestNG.java:152)
	at org.testng.remote.RemoteTestNG.main(RemoteTestNG.java:57)
]]>
    </failure>
  </testcase> <!-- test_edit_micollab_Role_from_standard_to_basic -->
  <testcase name="test_CreateUser_entryRole_with_Template" time="99.012" classname="tests.PM_Micollab_Test"/>
  <testcase name="test_CreateUser_premiumRole" time="110.561" classname="tests.PM_Micollab_Test"/>
  <testcase name="test_CreateUser_standardRole" time="106.121" classname="tests.PM_Micollab_Test"/>
  <testcase name="test_CreateUser_standardRole_with_Template" time="118.376" classname="tests.PM_Micollab_Test"/>
  <testcase name="test_CreateUser_basicRole_with_Template" time="96.506" classname="tests.PM_Micollab_Test"/>
  <testcase name="test_edit_micollab_Role_from_basic_to_entry" time="128.829" classname="tests.PM_Micollab_Test"/>
  <testcase name="test_edit_micollab_Role_from_entry_to_basic" time="121.506" classname="tests.PM_Micollab_Test">
    <failure type="java.lang.AssertionError" message="expected [Basic User] but found [UCC (V4.0) Entry]">
      <![CDATA[java.lang.AssertionError: expected [Basic User] but found [UCC (V4.0) Entry]
	at org.testng.Assert.fail(Assert.java:94)
	at org.testng.Assert.failNotEquals(Assert.java:513)
	at org.testng.Assert.assertEqualsImpl(Assert.java:135)
	at org.testng.Assert.assertEquals(Assert.java:116)
	at org.testng.Assert.assertEquals(Assert.java:190)
	at org.testng.Assert.assertEquals(Assert.java:200)
	at tests.PM_Micollab_Test.test_edit_micollab_Role_from_entry_to_basic(PM_Micollab_Test.java:3473)
	at sun.reflect.NativeMethodAccessorImpl.invoke0(Native Method)
	at sun.reflect.NativeMethodAccessorImpl.invoke(NativeMethodAccessorImpl.java:62)
	at sun.reflect.DelegatingMethodAccessorImpl.invoke(DelegatingMethodAccessorImpl.java:43)
	at java.lang.reflect.Method.invoke(Method.java:498)
	at org.testng.internal.MethodInvocationHelper.invokeMethod(MethodInvocationHelper.java:100)
	at org.testng.internal.Invoker.invokeMethod(Invoker.java:646)
	at org.testng.internal.Invoker.invokeTestMethod(Invoker.java:811)
	at org.testng.internal.Invoker.invokeTestMethods(Invoker.java:1129)
	at org.testng.internal.TestMethodWorker.invokeTestMethods(TestMethodWorker.java:129)
	at org.testng.internal.TestMethodWorker.run(TestMethodWorker.java:112)
	at org.testng.TestRunner.privateRun(TestRunner.java:746)
	at org.testng.TestRunner.run(TestRunner.java:600)
	at org.testng.SuiteRunner.runTest(SuiteRunner.java:366)
	at org.testng.SuiteRunner.runSequentially(SuiteRunner.java:361)
	at org.testng.SuiteRunner.privateRun(SuiteRunner.java:319)
	at org.testng.SuiteRunner.run(SuiteRunner.java:268)
	at org.testng.SuiteRunnerWorker.runSuite(SuiteRunnerWorker.java:52)
	at org.testng.SuiteRunnerWorker.run(SuiteRunnerWorker.java:86)
	at org.testng.TestNG.runSuitesSequentially(TestNG.java:1264)
	at org.testng.TestNG.runSuitesLocally(TestNG.java:1189)
	at org.testng.TestNG.runSuites(TestNG.java:1104)
	at org.testng.TestNG.run(TestNG.java:1076)
	at org.testng.remote.AbstractRemoteTestNG.run(AbstractRemoteTestNG.java:126)
	at org.testng.remote.RemoteTestNG.initAndRun(RemoteTestNG.java:152)
	at org.testng.remote.RemoteTestNG.main(RemoteTestNG.java:57)
]]>
    </failure>
  </testcase> <!-- test_edit_micollab_Role_from_entry_to_basic -->
  <testcase name="test_edit_micollab_Role_from_entry_to_premium" time="149.809" classname="tests.PM_Micollab_Test"/>
  <testcase name="test_CreateUser_premiumRole_with_ExistingExtension" time="104.716" classname="tests.PM_Micollab_Test"/>
  <testcase name="test_CreateUser_premiumRole_with_Template" time="120.941" classname="tests.PM_Micollab_Test"/>
  <testcase name="test_edit_micollab_Role_from_standard_to_premium" time="154.942" classname="tests.PM_Micollab_Test"/>
</testsuite> <!-- tests.PM_Micollab_Test -->
