<?xml version="1.0" encoding="UTF-8"?>
<!-- Generated by org.testng.reporters.JUnitReportReporter -->
<testsuite skipped="0" hostname="IN-7SMH5H2" name="tests.PM_User_Test" tests="1" failures="0" timestamp="15 Sep 2019 14:43:12 GMT" time="44.119" errors="0">
  <testcase name="test_create_user" time="44.119" classname="tests.PM_User_Test"/>
</testsuite> <!-- tests.PM_User_Test -->
