<?xml version="1.0" encoding="UTF-8"?>
<!-- Generated by org.testng.reporters.JUnitReportReporter -->
<testsuite skipped="0" hostname="IN-7SMH5H2" name="tests.PM_DigitalExtension_Test" tests="1" failures="0" timestamp="11 Oct 2019 10:00:42 GMT" time="60.819" errors="0">
  <testcase name="test_createUser_with_Digital_Extension" time="60.819" classname="tests.PM_DigitalExtension_Test"/>
</testsuite> <!-- tests.PM_DigitalExtension_Test -->
