<?xml version="1.0" encoding="UTF-8"?>
<!-- Generated by org.testng.reporters.JUnitReportReporter -->
<testsuite skipped="0" hostname="IN-7SMH5H2" name="tests.PM_Extension_Test" tests="1" failures="0" timestamp="21 Aug 2019 19:10:39 GMT" time="62.121" errors="0">
  <testcase name="test_delete_multiple_IP_extension" time="62.121" classname="tests.PM_Extension_Test"/>
</testsuite> <!-- tests.PM_Extension_Test -->
