<?xml version="1.0" encoding="UTF-8"?>
<!-- Generated by org.testng.reporters.JUnitReportReporter -->
<testsuite skipped="0" hostname="IN-7SMH5H2" name="tests.PM_Import_Test" tests="1" failures="0" timestamp="05 Oct 2019 16:15:48 GMT" time="338.578" errors="0">
  <testcase name="test_bulk_user_import_with_existing_extensions" time="338.578" classname="tests.PM_Import_Test"/>
</testsuite> <!-- tests.PM_Import_Test -->
