<?xml version="1.0" encoding="UTF-8"?>
<!-- Generated by org.testng.reporters.JUnitReportReporter -->
<testsuite skipped="0" hostname="IN-7SMH5H2" name="tests.PM_User_Test" tests="1" failures="0" timestamp="19 Aug 2019 16:27:23 GMT" time="19.823" errors="0">
  <testcase name="test_search_using_wildCard_questionMark" time="19.823" classname="tests.PM_User_Test"/>
</testsuite> <!-- tests.PM_User_Test -->
