<?xml version="1.0" encoding="UTF-8"?>
<!-- Generated by org.testng.reporters.JUnitReportReporter -->
<testsuite skipped="0" hostname="IN-7SMH5H2" name="tests.FirstTest" tests="2" failures="0" timestamp="05 Aug 2019 14:34:52 GMT" time="8.558" errors="0">
  <testcase name="myTest" time="3.843" classname="tests.FirstTest"/>
  <testcase name="myTest" time="4.715" classname="tests.FirstTest"/>
</testsuite> <!-- tests.FirstTest -->
