<?xml version="1.0" encoding="UTF-8"?>
<!-- Generated by org.testng.reporters.JUnitReportReporter -->
<testsuite skipped="0" hostname="IN-7SMH5H2" name="tests.PM_Extension_Test" tests="1" failures="0" timestamp="23 Aug 2019 12:59:24 GMT" time="50.459" errors="0">
  <testcase name="test_editIPExtensionPhoneType" time="50.459" classname="tests.PM_Extension_Test"/>
</testsuite> <!-- tests.PM_Extension_Test -->
