<?xml version="1.0" encoding="UTF-8"?>
<!-- Generated by org.testng.reporters.JUnitReportReporter -->
<testsuite hostname="DESKTOP-D19U8M5" name="tests.PM_User_Test" tests="1" failures="0" timestamp="13 Feb 2020 08:41:10 GMT" time="22.142" errors="0">
  <testcase name="test_create_user" time="22.142" classname="tests.PM_User_Test"/>
</testsuite> <!-- tests.PM_User_Test -->
