<?xml version="1.0" encoding="UTF-8"?>
<!-- Generated by org.testng.reporters.JUnitReportReporter -->
<testsuite skipped="0" hostname="DESKTOP-D19U8M5" name="tests.SNM_Telephony_AccountCode_Test" tests="1" failures="0" timestamp="27 Oct 2019 10:43:20 GMT" time="15.247" errors="0">
  <testcase name="test_delete_accountCode_using_delete_button" time="15.247" classname="tests.SNM_Telephony_AccountCode_Test"/>
</testsuite> <!-- tests.SNM_Telephony_AccountCode_Test -->
