<?xml version="1.0" encoding="UTF-8"?>
<!-- Generated by org.testng.reporters.JUnitReportReporter -->
<testsuite skipped="0" hostname="IN-7SMH5H2" name="tests.PM_User_Test" tests="2" failures="0" timestamp="15 Aug 2019 13:10:03 GMT" time="30.346" errors="0">
  <testcase name="test_edit_user" time="16.776" classname="tests.PM_User_Test"/>
  <testcase name="test_create_user" time="13.570" classname="tests.PM_User_Test"/>
</testsuite> <!-- tests.PM_User_Test -->
