<?xml version="1.0" encoding="UTF-8"?>
<!-- Generated by org.testng.reporters.JUnitReportReporter -->
<testsuite skipped="0" hostname="IN-7SMH5H2" name="tests.PM_Extension_Test" tests="15" failures="0" timestamp="02 Oct 2019 11:09:45 GMT" time="878.175" errors="0">
  <testcase name="test_editToConfigureHotLineNumber" time="53.689" classname="tests.PM_Extension_Test"/>
  <testcase name="test_editToConfigureSecondLineState" time="63.581" classname="tests.PM_Extension_Test"/>
  <testcase name="test_create_IP_extension" time="43.295" classname="tests.PM_Extension_Test"/>
  <testcase name="test_configureParallel_ringing_to_IP" time="60.732" classname="tests.PM_Extension_Test"/>
  <testcase name="test_delete_multiple_IP_extension" time="45.891" classname="tests.PM_Extension_Test"/>
  <testcase name="test_editToConfigureSecondLineState" time="62.608" classname="tests.PM_Extension_Test"/>
  <testcase name="test_editIPExtensionCSP" time="63.912" classname="tests.PM_Extension_Test"/>
  <testcase name="test_editToConfigureSecondLineState" time="63.020" classname="tests.PM_Extension_Test"/>
  <testcase name="test_editToAssignThirdPartySIPClient" time="63.463" classname="tests.PM_Extension_Test"/>
  <testcase name="test_editToSetFirst_LastNames" time="64.830" classname="tests.PM_Extension_Test"/>
  <testcase name="test_editToConfigureHotLineNumber" time="52.801" classname="tests.PM_Extension_Test"/>
  <testcase name="test_delete_IP_extension" time="51.399" classname="tests.PM_Extension_Test"/>
  <testcase name="test_create_IP_extension_usingTemplate" time="62.683" classname="tests.PM_Extension_Test"/>
  <testcase name="test_editIPExtensionPhoneType" time="63.046" classname="tests.PM_Extension_Test"/>
  <testcase name="test_editToConfigureCallPark" time="63.225" classname="tests.PM_Extension_Test"/>
</testsuite> <!-- tests.PM_Extension_Test -->
