<?xml version="1.0" encoding="UTF-8"?>
<!-- Generated by org.testng.reporters.JUnitReportReporter -->
<testsuite skipped="0" hostname="IN-7SMH5H2" name="tests.FirstTest" tests="1" failures="0" timestamp="05 Aug 2019 13:23:04 GMT" time="4.514" errors="0">
  <testcase name="myTest" time="4.514" classname="tests.FirstTest"/>
</testsuite> <!-- tests.FirstTest -->
