<?xml version="1.0" encoding="UTF-8"?>
<!-- Generated by org.testng.reporters.JUnitReportReporter -->
<testsuite skipped="0" hostname="IN-7SMH5H2" name="tests.PM_AnalogExtension_Test" tests="1" failures="0" timestamp="06 Sep 2019 07:42:24 GMT" time="33.484" errors="0">
  <testcase name="test_swap_digitalEquipmentPositions" time="33.484" classname="tests.PM_AnalogExtension_Test"/>
</testsuite> <!-- tests.PM_AnalogExtension_Test -->
