<?xml version="1.0" encoding="UTF-8"?>
<!-- Generated by org.testng.reporters.JUnitReportReporter -->
<testsuite skipped="0" hostname="IN-7SMH5H2" name="tests.PM_PersonalNumber_Tests" tests="15" failures="0" timestamp="02 Oct 2019 11:09:45 GMT" time="3862.941" errors="0">
  <testcase name="edit_virtual_extension_to_change_active_call_list" time="297.108" classname="tests.PM_PersonalNumber_Tests"/>
  <testcase name="test_create_PN_SIPDECT_Extension" time="260.065" classname="tests.PM_PersonalNumber_Tests"/>
  <testcase name="create_PN_Digital_Extension" time="226.465" classname="tests.PM_PersonalNumber_Tests"/>
  <testcase name="create_PN_IP_Extension" time="243.954" classname="tests.PM_PersonalNumber_Tests"/>
  <testcase name="test_edit_SIPDECT_Assign_PN" time="301.168" classname="tests.PM_PersonalNumber_Tests"/>
  <testcase name="edit_sip_dect_extension_to_change_active_call_list" time="304.516" classname="tests.PM_PersonalNumber_Tests"/>
  <testcase name="test_edit_Analog_extension_assign_PN" time="228.835" classname="tests.PM_PersonalNumber_Tests"/>
  <testcase name="test_edit_Digital_extension_assign_PN" time="228.442" classname="tests.PM_PersonalNumber_Tests"/>
  <testcase name="test_edit_IP_extension_assign_PN" time="251.520" classname="tests.PM_PersonalNumber_Tests"/>
  <testcase name="test_edit_Virtual_extension_assign_PN" time="247.228" classname="tests.PM_PersonalNumber_Tests"/>
  <testcase name="create_PN_Analog_Extension" time="226.023" classname="tests.PM_PersonalNumber_Tests"/>
  <testcase name="edit_IP_extension_to_change_active_call_list" time="288.423" classname="tests.PM_PersonalNumber_Tests"/>
  <testcase name="edit_analog_extension_to_change_active_call_list" time="261.152" classname="tests.PM_PersonalNumber_Tests"/>
  <testcase name="create_PN_Virtual_Extension" time="239.076" classname="tests.PM_PersonalNumber_Tests"/>
  <testcase name="edit_digital_extension_to_change_active_call_list" time="258.966" classname="tests.PM_PersonalNumber_Tests"/>
</testsuite> <!-- tests.PM_PersonalNumber_Tests -->
