<?xml version="1.0" encoding="UTF-8"?>
<!-- Generated by org.testng.reporters.JUnitReportReporter -->
<testsuite skipped="0" hostname="DESKTOP-D19U8M5" name="tests.SNM_Telephony_Extension_CSP_Test" tests="1" failures="0" timestamp="29 Oct 2019 13:48:09 GMT" time="20.341" errors="0">
  <testcase name="test_edit_CSP_name" time="20.341" classname="tests.SNM_Telephony_Extension_CSP_Test"/>
</testsuite> <!-- tests.SNM_Telephony_Extension_CSP_Test -->
