<?xml version="1.0" encoding="UTF-8"?>
<!-- Generated by org.testng.reporters.JUnitReportReporter -->
<testsuite skipped="0" hostname="IN-7SMH5H2" name="tests.PM_FunctionKeys_Test" tests="2" failures="0" timestamp="11 Oct 2019 12:56:25 GMT" time="208.841" errors="0">
  <testcase name="test_createSCABR_FuncKey" time="105.723" classname="tests.PM_FunctionKeys_Test"/>
  <testcase name="test_createSCA_FuncKey" time="103.118" classname="tests.PM_FunctionKeys_Test"/>
</testsuite> <!-- tests.PM_FunctionKeys_Test -->
