<?xml version="1.0" encoding="UTF-8"?>
<!-- Generated by org.testng.reporters.JUnitReportReporter -->
<testsuite skipped="4" hostname="IN-7SMH5H2" name="tests.PM_User_Test" tests="5" failures="0" timestamp="17 Aug 2019 14:10:08 GMT" time="66.092" errors="0">
  <testcase name="test_create_user" time="14.600" classname="tests.PM_User_Test">
    <skipped/>
  </testcase> <!-- test_create_user -->
  <testcase name="test_delete_user_byClicking_delete_button" time="24.298" classname="tests.PM_User_Test"/>
  <testcase name="test_delete_user" time="0.047" classname="tests.PM_User_Test">
    <skipped/>
  </testcase> <!-- test_delete_user -->
  <testcase name="test_edit_user" time="13.614" classname="tests.PM_User_Test">
    <skipped/>
  </testcase> <!-- test_edit_user -->
  <testcase name="test_userSearchUsingViewSymbol" time="13.533" classname="tests.PM_User_Test">
    <skipped/>
  </testcase> <!-- test_userSearchUsingViewSymbol -->
</testsuite> <!-- tests.PM_User_Test -->
