<?xml version="1.0" encoding="UTF-8"?>
<!-- Generated by org.testng.reporters.JUnitReportReporter -->
<testsuite skipped="0" hostname="DESKTOP-D19U8M5" name="tests.PM_User_Test" tests="1" failures="0" timestamp="12 Nov 2019 06:36:46 GMT" time="26.430" errors="0">
  <testcase name="test_create_user" time="26.430" classname="tests.PM_User_Test"/>
</testsuite> <!-- tests.PM_User_Test -->
