<?xml version="1.0" encoding="UTF-8"?>
<!-- Generated by org.testng.reporters.JUnitReportReporter -->
<testsuite skipped="0" hostname="DESKTOP-D19U8M5" name="tests.SNM_Telephony_Extension_CommonCat_Test" tests="1" failures="0" timestamp="09 Nov 2019 18:13:45 GMT" time="16.781" errors="0">
  <testcase name="test_create_CAT" time="16.781" classname="tests.SNM_Telephony_Extension_CommonCat_Test"/>
</testsuite> <!-- tests.SNM_Telephony_Extension_CommonCat_Test -->
