<?xml version="1.0" encoding="UTF-8"?>
<!-- Generated by org.testng.reporters.JUnitReportReporter -->
<testsuite skipped="0" hostname="IN-7SMH5H2" name="tests.PM_FunctionKeys_Test" tests="1" failures="0" timestamp="26 Aug 2019 05:41:03 GMT" time="112.321" errors="0">
  <testcase name="test_createDMN_FuncKey" time="112.321" classname="tests.PM_FunctionKeys_Test"/>
</testsuite> <!-- tests.PM_FunctionKeys_Test -->
