<?xml version="1.0" encoding="UTF-8"?>
<!-- Generated by org.testng.reporters.JUnitReportReporter -->
<testsuite skipped="0" hostname="IN-7SMH5H2" name="tests.PM_Extension_Test" tests="15" failures="0" timestamp="10 Sep 2019 09:49:49 GMT" time="791.501" errors="0">
  <testcase name="test_create_IP_extension_usingTemplate" time="55.081" classname="tests.PM_Extension_Test"/>
  <testcase name="test_editIPExtensionCSP" time="57.894" classname="tests.PM_Extension_Test"/>
  <testcase name="test_delete_multiple_IP_extension" time="43.922" classname="tests.PM_Extension_Test"/>
  <testcase name="test_delete_IP_extension" time="43.086" classname="tests.PM_Extension_Test"/>
  <testcase name="test_editToConfigureHotLineNumber" time="47.396" classname="tests.PM_Extension_Test"/>
  <testcase name="test_editToConfigureSecondLineState" time="56.723" classname="tests.PM_Extension_Test"/>
  <testcase name="test_editToAssignThirdPartySIPClient" time="60.706" classname="tests.PM_Extension_Test"/>
  <testcase name="test_editToSetFirst_LastNames" time="57.580" classname="tests.PM_Extension_Test"/>
  <testcase name="test_configureParallel_ringing_to_IP" time="54.255" classname="tests.PM_Extension_Test"/>
  <testcase name="test_create_IP_extension" time="39.173" classname="tests.PM_Extension_Test"/>
  <testcase name="test_editToConfigureSecondLineState" time="56.354" classname="tests.PM_Extension_Test"/>
  <testcase name="test_editToConfigureSecondLineState" time="56.389" classname="tests.PM_Extension_Test"/>
  <testcase name="test_editToConfigureCallPark" time="55.394" classname="tests.PM_Extension_Test"/>
  <testcase name="test_editIPExtensionPhoneType" time="58.694" classname="tests.PM_Extension_Test"/>
  <testcase name="test_editToConfigureHotLineNumber" time="48.854" classname="tests.PM_Extension_Test"/>
</testsuite> <!-- tests.PM_Extension_Test -->
