<?xml version="1.0" encoding="UTF-8"?>
<!-- Generated by org.testng.reporters.JUnitReportReporter -->
<testsuite skipped="0" hostname="IN-7SMH5H2" name="tests.PM_FunctionKeys_Test" tests="1" failures="0" timestamp="28 Aug 2019 12:02:29 GMT" time="74.061" errors="0">
  <testcase name="test_clearEDN_funcKey" time="74.061" classname="tests.PM_FunctionKeys_Test"/>
</testsuite> <!-- tests.PM_FunctionKeys_Test -->
