<?xml version="1.0" encoding="UTF-8"?>
<!-- Generated by org.testng.reporters.JUnitReportReporter -->
<testsuite skipped="0" hostname="IN-7SMH5H2" name="tests.PM_MultiTerminal_Test" tests="4" failures="0" timestamp="02 Oct 2019 11:09:45 GMT" time="196.184" errors="0">
  <testcase name="test_create_multi_terminal_WithSIP_Auto" time="48.212" classname="tests.PM_MultiTerminal_Test"/>
  <testcase name="test_create_multi_terminal_With_MobileExtension" time="48.546" classname="tests.PM_MultiTerminal_Test"/>
  <testcase name="test_create_multi_terminal_WithIP" time="57.038" classname="tests.PM_MultiTerminal_Test"/>
  <testcase name="test_create_multi_terminal_extension" time="42.388" classname="tests.PM_MultiTerminal_Test"/>
</testsuite> <!-- tests.PM_MultiTerminal_Test -->
