<?xml version="1.0" encoding="UTF-8"?>
<!-- Generated by org.testng.reporters.JUnitReportReporter -->
<testsuite hostname="DESKTOP-D19U8M5" name="tests.PM_AnalogExtension_Test" tests="1" failures="0" timestamp="21 Jan 2020 06:25:29 GMT" time="42.719" errors="0">
  <testcase name="test_edit_analog_extension_toChange_CAT" time="42.719" classname="tests.PM_AnalogExtension_Test"/>
</testsuite> <!-- tests.PM_AnalogExtension_Test -->
