<?xml version="1.0" encoding="UTF-8"?>
<!-- Generated by org.testng.reporters.JUnitReportReporter -->
<testsuite skipped="0" hostname="IN-7SMH5H2" name="tests.PM_FunctionKeys_Test" tests="11" failures="0" timestamp="27 Aug 2019 15:08:38 GMT" time="1416.693" errors="0">
  <testcase name="test_createEDN_FuncKey" time="156.726" classname="tests.PM_FunctionKeys_Test"/>
  <testcase name="test_createREC_FuncKey" time="62.872" classname="tests.PM_FunctionKeys_Test"/>
  <testcase name="test_createSCA_FuncKey" time="185.497" classname="tests.PM_FunctionKeys_Test"/>
  <testcase name="test_createMOI_FuncKey" time="63.206" classname="tests.PM_FunctionKeys_Test"/>
  <testcase name="test_createMCT_FuncKey" time="61.929" classname="tests.PM_FunctionKeys_Test"/>
  <testcase name="test_createSCABR_FuncKey" time="180.893" classname="tests.PM_FunctionKeys_Test"/>
  <testcase name="test_createTNS_FuncKey" time="171.018" classname="tests.PM_FunctionKeys_Test"/>
  <testcase name="test_createDMN_FuncKey" time="156.493" classname="tests.PM_FunctionKeys_Test"/>
  <testcase name="test_createPGM_FuncKey" time="62.895" classname="tests.PM_FunctionKeys_Test"/>
  <testcase name="test_createGMA_FuncKey" time="157.897" classname="tests.PM_FunctionKeys_Test"/>
  <testcase name="test_createMNS_FuncKey" time="157.267" classname="tests.PM_FunctionKeys_Test"/>
</testsuite> <!-- tests.PM_FunctionKeys_Test -->
