<?xml version="1.0" encoding="UTF-8"?>
<!-- Generated by org.testng.reporters.JUnitReportReporter -->
<testsuite hostname="DESKTOP-D19U8M5" name="tests.PM_DigitalExtension_Test" tests="2" failures="0" timestamp="21 Jan 2020 06:24:11 GMT" time="179.790" errors="0">
  <testcase name="test_edit_digital_extension_toDelayed_HotLine" time="90.548" classname="tests.PM_DigitalExtension_Test"/>
  <testcase name="test_edit_digital_extension_toSet_HotLine" time="89.242" classname="tests.PM_DigitalExtension_Test"/>
</testsuite> <!-- tests.PM_DigitalExtension_Test -->
