<?xml version="1.0" encoding="UTF-8"?>
<!-- Generated by org.testng.reporters.JUnitReportReporter -->
<testsuite skipped="0" hostname="IN-7SMH5H2" name="tests.PM_SIPDECT_Tests" tests="1" failures="0" timestamp="02 Oct 2019 11:35:58 GMT" time="87.125" errors="0">
  <testcase name="test_edit_configureParallel_ringing_to_SIPDECT" time="87.125" classname="tests.PM_SIPDECT_Tests"/>
</testsuite> <!-- tests.PM_SIPDECT_Tests -->
