<?xml version="1.0" encoding="UTF-8"?>
<!-- Generated by org.testng.reporters.JUnitReportReporter -->
<testsuite skipped="0" hostname="IN-7SMH5H2" name="tests.PM_AnalogExtension_Test" tests="15" failures="0" timestamp="02 Oct 2019 11:09:45 GMT" time="1320.781" errors="1">
  <testcase name="test_createUser_with_AnalogExtension_usingTemplate" time="122.230" classname="tests.PM_AnalogExtension_Test"/>
  <testcase name="test_createAnalogExtension" time="43.681" classname="tests.PM_AnalogExtension_Test"/>
  <testcase name="test_edit_analog_extension_toDelayed_HotLine" time="125.794" classname="tests.PM_AnalogExtension_Test"/>
  <testcase name="test_createUser_with_analog_Extension" time="105.111" classname="tests.PM_AnalogExtension_Test"/>
  <testcase name="test_delete_analogExtension" time="35.482" classname="tests.PM_AnalogExtension_Test"/>
  <testcase name="test_editUser_and_remove_Existing_AnalogExtension" time="171.899" classname="tests.PM_AnalogExtension_Test"/>
  <testcase name="test_editUser_and_Assign_Existing_AnalogExtension" time="108.170" classname="tests.PM_AnalogExtension_Test"/>
  <testcase name="test_createUser_with_existing_analog_Extension" time="98.460" classname="tests.PM_AnalogExtension_Test"/>
  <testcase name="test_swap_analogEquipmentPositions" time="62.072" classname="tests.PM_AnalogExtension_Test">
    <error type="org.openqa.selenium.TimeoutException" message="Expected condition failed: waiting for visibility of [[ChromeDriver: chrome on XP (99587368144caca946c9b474decb95db)] -&gt; id: blockUI] (tried for 20 second(s) with 500 milliseconds interval)
Build info: version: &#039;3.141.59&#039;, revision: &#039;e82be7d358&#039;, time: &#039;2018-11-14T08:17:03&#039;
System info: host: &#039;IN-7SMH5H2&#039;, ip: &#039;172.25.109.193&#039;, os.name: &#039;Windows 10&#039;, os.arch: &#039;amd64&#039;, os.version: &#039;10.0&#039;, java.version: &#039;1.8.0_181&#039;
Driver info: org.openqa.selenium.chrome.ChromeDriver
Capabilities {acceptInsecureCerts: false, browserName: chrome, browserVersion: 77.0.3865.90, chrome: {chromedriverVersion: 77.0.3865.40 (f484704e052e0..., userDataDir: C:\Users\mallikar\AppData\L...}, goog:chromeOptions: {debuggerAddress: localhost:7672}, javascriptEnabled: true, networkConnectionEnabled: false, pageLoadStrategy: normal, platform: XP, platformName: XP, proxy: Proxy(), setWindowRect: true, strictFileInteractability: false, timeouts: {implicit: 0, pageLoad: 300000, script: 30000}, unhandledPromptBehavior: accept}
Session ID: 99587368144caca946c9b474decb95db">
      <![CDATA[org.openqa.selenium.TimeoutException: Expected condition failed: waiting for visibility of [[ChromeDriver: chrome on XP (99587368144caca946c9b474decb95db)] -> id: blockUI] (tried for 20 second(s) with 500 milliseconds interval)
Build info: version: '3.141.59', revision: 'e82be7d358', time: '2018-11-14T08:17:03'
System info: host: 'IN-7SMH5H2', ip: '172.25.109.193', os.name: 'Windows 10', os.arch: 'amd64', os.version: '10.0', java.version: '1.8.0_181'
Driver info: org.openqa.selenium.chrome.ChromeDriver
Capabilities {acceptInsecureCerts: false, browserName: chrome, browserVersion: 77.0.3865.90, chrome: {chromedriverVersion: 77.0.3865.40 (f484704e052e0..., userDataDir: C:\Users\mallikar\AppData\L...}, goog:chromeOptions: {debuggerAddress: localhost:7672}, javascriptEnabled: true, networkConnectionEnabled: false, pageLoadStrategy: normal, platform: XP, platformName: XP, proxy: Proxy(), setWindowRect: true, strictFileInteractability: false, timeouts: {implicit: 0, pageLoad: 300000, script: 30000}, unhandledPromptBehavior: accept}
Session ID: 99587368144caca946c9b474decb95db
at org.openqa.selenium.support.ui.WebDriverWait.timeoutException(WebDriverWait.java:95)
at org.openqa.selenium.support.ui.FluentWait.until(FluentWait.java:272)
at tests.PM_AnalogExtension_Test.test_swap_analogEquipmentPositions(PM_AnalogExtension_Test.java:520)
at sun.reflect.NativeMethodAccessorImpl.invoke0(Native Method)
at sun.reflect.NativeMethodAccessorImpl.invoke(NativeMethodAccessorImpl.java:62)
at sun.reflect.DelegatingMethodAccessorImpl.invoke(DelegatingMethodAccessorImpl.java:43)
at java.lang.reflect.Method.invoke(Method.java:498)
at org.testng.internal.MethodInvocationHelper.invokeMethod(MethodInvocationHelper.java:124)
at org.testng.internal.Invoker.invokeMethod(Invoker.java:583)
at org.testng.internal.Invoker.invokeTestMethod(Invoker.java:719)
at org.testng.internal.Invoker.invokeTestMethods(Invoker.java:989)
at org.testng.internal.TestMethodWorker.invokeTestMethods(TestMethodWorker.java:125)
at org.testng.internal.TestMethodWorker.run(TestMethodWorker.java:109)
at org.testng.TestRunner.privateRun(TestRunner.java:648)
at org.testng.TestRunner.run(TestRunner.java:505)
at org.testng.SuiteRunner.runTest(SuiteRunner.java:455)
at org.testng.SuiteRunner.runSequentially(SuiteRunner.java:450)
at org.testng.SuiteRunner.privateRun(SuiteRunner.java:415)
at org.testng.SuiteRunner.run(SuiteRunner.java:364)
at org.testng.SuiteRunnerWorker.runSuite(SuiteRunnerWorker.java:52)
at org.testng.SuiteRunnerWorker.run(SuiteRunnerWorker.java:84)
at org.testng.TestNG.runSuitesSequentially(TestNG.java:1208)
at org.testng.TestNG.runSuitesLocally(TestNG.java:1137)
at org.testng.TestNG.runSuites(TestNG.java:1049)
at org.testng.TestNG.run(TestNG.java:1017)
at org.testng.remote.AbstractRemoteTestNG.run(AbstractRemoteTestNG.java:114)
at org.testng.remote.RemoteTestNG.initAndRun(RemoteTestNG.java:251)
at org.testng.remote.RemoteTestNG.main(RemoteTestNG.java:77)
]]>
    </error>
  </testcase> <!-- test_swap_analogEquipmentPositions -->
  <testcase name="test_editUser_to_create_AnalogExtension" time="114.385" classname="tests.PM_AnalogExtension_Test"/>
  <testcase name="test_edit_analog_extension_equipmentPosition" time="46.844" classname="tests.PM_AnalogExtension_Test"/>
  <testcase name="test_edit_analog_extension_toSet_HotLine" time="126.473" classname="tests.PM_AnalogExtension_Test"/>
  <testcase name="test_edit_analog_extension_toChange_First_Last_Names" time="56.723" classname="tests.PM_AnalogExtension_Test"/>
  <testcase name="test_create_analogExt_using_Template" time="57.118" classname="tests.PM_AnalogExtension_Test"/>
  <testcase name="test_edit_analog_extension_toChange_CAT" time="46.339" classname="tests.PM_AnalogExtension_Test"/>
</testsuite> <!-- tests.PM_AnalogExtension_Test -->
