<?xml version="1.0" encoding="UTF-8"?>
<!-- Generated by org.testng.reporters.JUnitReportReporter -->
<testsuite skipped="0" hostname="IN-7SMH5H2" name="tests.PM_Extension_Test" tests="1" failures="0" timestamp="24 Aug 2019 13:22:53 GMT" time="54.468" errors="0">
  <testcase name="test_editToSetFirst_LastNames" time="54.468" classname="tests.PM_Extension_Test"/>
</testsuite> <!-- tests.PM_Extension_Test -->
