<?xml version="1.0" encoding="UTF-8"?>
<!-- Generated by org.testng.reporters.JUnitReportReporter -->
<testsuite skipped="0" hostname="IN-7SMH5H2" name="tests.PM_AnalogExtension_Test" tests="1" failures="0" timestamp="07 Sep 2019 17:48:39 GMT" time="72.023" errors="0">
  <testcase name="test_editUser_to_create_AnalogExtension" time="72.023" classname="tests.PM_AnalogExtension_Test"/>
</testsuite> <!-- tests.PM_AnalogExtension_Test -->
