<?xml version="1.0" encoding="UTF-8"?>
<!-- Generated by org.testng.reporters.JUnitReportReporter -->
<testsuite skipped="0" hostname="IN-7SMH5H2" name="tests.Demo_Delete_Users" tests="1" failures="0" timestamp="08 Oct 2019 11:10:50 GMT" time="70.106" errors="0">
  <testcase name="test_bulk_user_import_with_existing_extensions_delimiter_semicolon" time="70.106" classname="tests.Demo_Delete_Users"/>
</testsuite> <!-- tests.Demo_Delete_Users -->
