<?xml version="1.0" encoding="UTF-8"?>
<!-- Generated by org.testng.reporters.JUnitReportReporter -->
<testsuite skipped="0" hostname="IN-7SMH5H2" name="tests.MyClass" tests="1" failures="0" timestamp="13 Aug 2019 18:48:02 GMT" time="5.667" errors="0">
  <testcase name="openBrowser" time="5.667" classname="tests.MyClass"/>
</testsuite> <!-- tests.MyClass -->
