<?xml version="1.0" encoding="UTF-8"?>
<!-- Generated by org.testng.reporters.JUnitReportReporter -->
<testsuite skipped="0" hostname="IN-7SMH5H2" name="tests.PM_Extension_Test" tests="1" failures="0" timestamp="02 Sep 2019 14:59:44 GMT" time="58.066" errors="0">
  <testcase name="test_create_IP_extension_usingTemplate" time="58.066" classname="tests.PM_Extension_Test"/>
</testsuite> <!-- tests.PM_Extension_Test -->
