<?xml version="1.0" encoding="UTF-8"?>
<!-- Generated by org.testng.reporters.JUnitReportReporter -->
<testsuite skipped="0" hostname="IN-7SMH5H2" name="tests.PM_User_Test" tests="1" failures="0" timestamp="18 Aug 2019 10:42:47 GMT" time="80.184" errors="0">
  <testcase name="test_delete_multipleUsers" time="80.184" classname="tests.PM_User_Test"/>
</testsuite> <!-- tests.PM_User_Test -->
