<?xml version="1.0" encoding="UTF-8"?>
<!-- Generated by org.testng.reporters.JUnitReportReporter -->
<testsuite hostname="DESKTOP-D19U8M5" name="tests.TrialAndError" tests="1" failures="0" timestamp="6 Feb 2020 10:02:42 GMT" time="6.066" errors="0">
  <testcase name="test_method1" time="6.066" classname="tests.TrialAndError"/>
</testsuite> <!-- tests.TrialAndError -->
