<?xml version="1.0" encoding="UTF-8"?>
<!-- Generated by org.testng.reporters.JUnitReportReporter -->
<testsuite skipped="0" hostname="IN-7SMH5H2" name="tests.PM_AnalogExtension_Test" tests="1" failures="0" timestamp="06 Sep 2019 10:55:30 GMT" time="45.973" errors="0">
  <testcase name="test_create_digitalExt_using_Template" time="45.973" classname="tests.PM_AnalogExtension_Test"/>
</testsuite> <!-- tests.PM_AnalogExtension_Test -->
