<?xml version="1.0" encoding="UTF-8"?>
<!-- Generated by org.testng.reporters.JUnitReportReporter -->
<testsuite skipped="0" hostname="IN-7SMH5H2" name="tests.MyTest" tests="1" failures="0" timestamp="13 Aug 2019 17:47:20 GMT" time="7.324" errors="0">
  <testcase name="helloWorld" time="7.324" classname="tests.MyTest"/>
</testsuite> <!-- tests.MyTest -->
