<?xml version="1.0" encoding="UTF-8"?>
<!-- Generated by org.testng.reporters.JUnitReportReporter -->
<testsuite skipped="0" hostname="IN-7SMH5H2" name="tests.PM_VirtualExtension_Test" tests="15" failures="0" timestamp="02 Oct 2019 11:09:45 GMT" time="1215.236" errors="0">
  <testcase name="test_delete_multiple_virtual_extension" time="39.797" classname="tests.PM_VirtualExtension_Test"/>
  <testcase name="test_createUserWith_Extesnsion_Using_VirtualTemplate" time="125.808" classname="tests.PM_VirtualExtension_Test"/>
  <testcase name="test_configureParallel_ringing_to_VirtualExt" time="61.009" classname="tests.PM_VirtualExtension_Test"/>
  <testcase name="test_editUser_Assign_New_VirtualExtension" time="119.454" classname="tests.PM_VirtualExtension_Test"/>
  <testcase name="test_editUserAssign_Existing_VirtualExtension" time="107.183" classname="tests.PM_VirtualExtension_Test"/>
  <testcase name="test_createUser_with_virtualExtension" time="107.213" classname="tests.PM_VirtualExtension_Test"/>
  <testcase name="test_editToConfigureHotLineNumber_Virtual" time="58.850" classname="tests.PM_VirtualExtension_Test"/>
  <testcase name="test_edit_virtual_extension_CSP" time="62.468" classname="tests.PM_VirtualExtension_Test"/>
  <testcase name="test_editToSetFirst_LastNames_virtualExt" time="49.868" classname="tests.PM_VirtualExtension_Test"/>
  <testcase name="test_create_virtual_extension_usingTemplate" time="60.415" classname="tests.PM_VirtualExtension_Test"/>
  <testcase name="test_createUserAssign_Existing_VirtualExtension" time="97.832" classname="tests.PM_VirtualExtension_Test"/>
  <testcase name="test_create_virtual_extension" time="42.327" classname="tests.PM_VirtualExtension_Test"/>
  <testcase name="test_delete_virtual_extension" time="50.212" classname="tests.PM_VirtualExtension_Test"/>
  <testcase name="test_editToConfigureHotLineNumber_Virtual" time="60.722" classname="tests.PM_VirtualExtension_Test"/>
  <testcase name="test_editUserToRemove_VirtualExtension" time="172.078" classname="tests.PM_VirtualExtension_Test"/>
</testsuite> <!-- tests.PM_VirtualExtension_Test -->
