<?xml version="1.0" encoding="UTF-8"?>
<!-- Generated by org.testng.reporters.JUnitReportReporter -->
<testsuite skipped="0" hostname="DESKTOP-D19U8M5" name="tests.SNM_ExternalNumberLength_Test" tests="6" failures="0" timestamp="26 Oct 2019 12:40:57 GMT" time="78.532" errors="0">
  <testcase name="test_edit_extNumLength" time="15.749" classname="tests.SNM_ExternalNumberLength_Test"/>
  <testcase name="test_create_external_number_length" time="14.888" classname="tests.SNM_ExternalNumberLength_Test"/>
  <testcase name="test_edit_extNumLength_provide_minLength_greater_thanMaxLength" time="15.447" classname="tests.SNM_ExternalNumberLength_Test"/>
  <testcase name="test_create_extNumLength_without_minNumber" time="14.881" classname="tests.SNM_ExternalNumberLength_Test"/>
  <testcase name="test_verify_popup_when_minLenNum_greaterThanMaxLenNum" time="9.131" classname="tests.SNM_ExternalNumberLength_Test"/>
  <testcase name="test_verify_popup_when_num_greaterThanLen10" time="8.436" classname="tests.SNM_ExternalNumberLength_Test"/>
</testsuite> <!-- tests.SNM_ExternalNumberLength_Test -->
