<?xml version="1.0" encoding="UTF-8"?>
<!-- Generated by org.testng.reporters.JUnitReportReporter -->
<testsuite hostname="DESKTOP-D19U8M5" name="tests.PM_User_Test" tests="1" failures="0" timestamp="20 Jan 2020 10:04:35 GMT" time="74.827" errors="0">
  <testcase name="test_editUserToRemoveExtension" time="74.827" classname="tests.PM_User_Test"/>
</testsuite> <!-- tests.PM_User_Test -->
