<?xml version="1.0" encoding="UTF-8"?>
<!-- Generated by org.testng.reporters.JUnitReportReporter -->
<testsuite skipped="0" hostname="IN-7SMH5H2" name="tests.PM_User_Test" tests="1" failures="0" timestamp="03 Sep 2019 11:27:01 GMT" time="76.739" errors="0">
  <testcase name="test_editUserAssignNewExtension" time="76.739" classname="tests.PM_User_Test"/>
</testsuite> <!-- tests.PM_User_Test -->
