<?xml version="1.0" encoding="UTF-8"?>
<!-- Generated by org.testng.reporters.JUnitReportReporter -->
<testsuite skipped="0" hostname="IN-7SMH5H2" name="tests.PM_User_Test" tests="17" failures="0" timestamp="09 Sep 2019 08:34:10 GMT" time="819.784" errors="0">
  <testcase name="test_delete_user_byClicking_delete_button" time="51.633" classname="tests.PM_User_Test"/>
  <testcase name="test_create_user" time="31.249" classname="tests.PM_User_Test"/>
  <testcase name="test_delete_multipleUsers" time="62.146" classname="tests.PM_User_Test"/>
  <testcase name="test_editUserAssignNewExtension" time="71.748" classname="tests.PM_User_Test"/>
  <testcase name="test_search_using_wildCard_questionMark" time="31.921" classname="tests.PM_User_Test"/>
  <testcase name="test_createUserWithExtesnsionUsingIPTemplate" time="80.444" classname="tests.PM_User_Test"/>
  <testcase name="test_delete_user" time="8.063" classname="tests.PM_User_Test"/>
  <testcase name="test_search_using_wildCard_star" time="61.711" classname="tests.PM_User_Test"/>
  <testcase name="test_user_print" time="33.709" classname="tests.PM_User_Test"/>
  <testcase name="test_editUserAssignExistingExtension" time="62.059" classname="tests.PM_User_Test"/>
  <testcase name="test_createUserAssignExistingExtension" time="57.603" classname="tests.PM_User_Test"/>
  <testcase name="test_edit_user" time="35.155" classname="tests.PM_User_Test"/>
  <testcase name="test_createUserWithExtension" time="64.865" classname="tests.PM_User_Test"/>
  <testcase name="test_userSearchUsingViewSymbol" time="32.193" classname="tests.PM_User_Test"/>
  <testcase name="test_editUserToRemoveExtension" time="93.557" classname="tests.PM_User_Test"/>
  <testcase name="test_verify_helpText" time="5.526" classname="tests.PM_User_Test"/>
  <testcase name="test_viewUser_with_viewButton" time="36.202" classname="tests.PM_User_Test"/>
</testsuite> <!-- tests.PM_User_Test -->
